<?xml version="1.0" encoding="UTF-8"?>
<!-- Generated by org.testng.reporters.JUnitXMLReporter -->
<testsuite ignored="8" hostname="DESKTOP-SHIVASHANKAR" failures="7" tests="47" name="Test" time="161.016" errors="0" timestamp="2024-06-24T18:14:55 IST">
  <testcase classname="Com.TrusteeModuleTest.DashboardPageTest" name="testPageLoad" time="8.746">
    <failure type="java.lang.NullPointerException" message="Cannot invoke &amp;quot;org.openqa.selenium.WebDriver.getTitle()&amp;quot; because &amp;quot;this.driver&amp;quot; is null">
      <![CDATA[java.lang.NullPointerException: Cannot invoke "org.openqa.selenium.WebDriver.getTitle()" because "this.driver" is null
at com.TrusteeModule.DashboardPage.getTitle(DashboardPage.java:74)
at Com.TrusteeModuleTest.DashboardPageTest.testPageLoad(DashboardPageTest.java:26)
at java.base/java.util.ArrayList.forEach(ArrayList.java:1511)
... Removed 27 stack frames]]>
    </failure>
  </testcase> <!-- testPageLoad -->
  <testcase classname="Com.TrusteeModuleTest.DashboardPageTest" name="testInitialStateOverviewTiles" time="3.011">
    <failure type="java.lang.NullPointerException" message="Cannot invoke &amp;quot;org.openqa.selenium.WebDriver.findElement(org.openqa.selenium.By)&amp;quot; because &amp;quot;this.driver&amp;quot; is null">
      <![CDATA[java.lang.NullPointerException: Cannot invoke "org.openqa.selenium.WebDriver.findElement(org.openqa.selenium.By)" because "this.driver" is null
at com.TrusteeModule.DashboardPage.getWaitingForSellerProductApproval(DashboardPage.java:79)
at Com.TrusteeModuleTest.DashboardPageTest.testInitialStateOverviewTiles(DashboardPageTest.java:35)
at java.base/java.util.ArrayList.forEach(ArrayList.java:1511)
... Removed 27 stack frames]]>
    </failure>
  </testcase> <!-- testInitialStateOverviewTiles -->
  <testcase classname="Com.TrusteeModuleTest.DashboardPageTest" name="testLiveGoldPricesDisplay" time="3.017">
    <failure type="java.lang.NullPointerException" message="Cannot invoke &amp;quot;org.openqa.selenium.WebDriver.findElement(org.openqa.selenium.By)&amp;quot; because &amp;quot;this.driver&amp;quot; is null">
      <![CDATA[java.lang.NullPointerException: Cannot invoke "org.openqa.selenium.WebDriver.findElement(org.openqa.selenium.By)" because "this.driver" is null
at com.TrusteeModule.DashboardPage.isLivePrice24kDisplayed(DashboardPage.java:114)
at Com.TrusteeModuleTest.DashboardPageTest.testLiveGoldPricesDisplay(DashboardPageTest.java:63)
at java.base/java.util.ArrayList.forEach(ArrayList.java:1511)
... Removed 27 stack frames]]>
    </failure>
  </testcase> <!-- testLiveGoldPricesDisplay -->
  <testcase classname="Com.TrusteeModuleTest.DashboardPageTest" name="testTilesClickable" time="2.017">
    <failure type="java.lang.NullPointerException" message="Cannot invoke &amp;quot;org.openqa.selenium.WebDriver.findElement(org.openqa.selenium.By)&amp;quot; because &amp;quot;this.driver&amp;quot; is null">
      <![CDATA[java.lang.NullPointerException: Cannot invoke "org.openqa.selenium.WebDriver.findElement(org.openqa.selenium.By)" because "this.driver" is null
at com.TrusteeModule.DashboardPage.isWaitingForSellerProductApprovalClickable(DashboardPage.java:124)
at Com.TrusteeModuleTest.DashboardPageTest.testTilesClickable(DashboardPageTest.java:78)
at java.base/java.util.ArrayList.forEach(ArrayList.java:1511)
... Removed 27 stack frames]]>
    </failure>
  </testcase> <!-- testTilesClickable -->
  <testcase classname="Com.TrusteeModuleTest.DashboardPageTest" name="verifyDashboardProductClickable" time="2.222"/>
  <testcase classname="Com.TrusteeModuleTest.DashboardPageTest" name="verifyissideMenuSellerApprovalPendingButtonClickableClickable" time="6.307"/>
  <testcase classname="Com.TrusteeModuleTest.DashboardPageTest" name="issideMenuSellerPendingGoldDepositsButtonClickable" time="3.163"/>
  <testcase classname="Com.TrusteeModuleTest.DashboardPageTest" name="issideMenuSellerPayoutsButtonClickable" time="3.157"/>
  <testcase classname="Com.TrusteeModuleTest.DashboardPageTest" name="issideMenuBuyerStatusButtonClickable" time="3.173"/>
  <testcase classname="Com.TrusteeModuleTest.DashboardPageTest" name="issideMenuBuyerStatusPendingPickupAndDepositButtonClickable" time="3.213"/>
  <testcase classname="Com.TrusteeModuleTest.DashboardPageTest" name="issideMenuBuyerStatusDeleveredProductsClickable" time="3.132"/>
  <testcase classname="Com.TrusteeModuleTest.DashboardPageTest" name="issideMenuRaiseTicketButtonClickable1" time="3.154"/>
  <testcase classname="Com.TrusteeModuleTest.DashboardPageTest" name="issideMenuTicketStatusButtonClickable2" time="3.195"/>
  <testcase classname="Com.TrusteeModuleTest.SellerStatus_ApprovalPendingPageTest" name="VerifyCommissionEarnedDsipaly" time="8.349"/>
  <testcase classname="Com.TrusteeModuleTest.SellerStatus_ApprovalPendingPageTest" name="Verifypreviousandnextbuttons" time="2.086"/>
  <testcase classname="Com.TrusteeModuleTest.SellerStatus_ApprovalPendingPageTest" name="AllTextDisplay" time="2.086"/>
  <testcase classname="Com.TrusteeModuleTest.SellerStatus_ApprovalPendingPageTest" name="NoProductDisplay" time="2.081"/>
  <testcase classname="Com.TrusteeModuleTest.SellerStatus_PendingGoldDepositsPageTest" name="VerifyCommissionEarnedDsipaly" time="6.212">
    <failure type="org.openqa.selenium.ElementNotInteractableException" message="element not interactable
  (Session info: chrome=126.0.6478.63)
Build info: version: &amp;apos;4.14.1&amp;apos;, revision: &amp;apos;03f8ede370&amp;apos;
System info: os.name: &amp;apos;Windows 10&amp;apos;, os.arch: &amp;apos;amd64&amp;apos;, os.version: &amp;apos;10.0&amp;apos;, java.version: &amp;apos;17.0.7&amp;apos;
Driver info: org.openqa.selenium.chrome.ChromeDriver
Command: [fffd88410c46f70cd45f087c772e9871, clickElement {id=f.E90A451E9A65AF3043E659635D774734.d.ECD10084334C8EB34776561C43482F2F.e.59}]
Capabilities {acceptInsecureCerts: false, browserName: chrome, browserVersion: 126.0.6478.63, chrome: {chromedriverVersion: 126.0.6478.63 (df799988fdc9..., userDataDir: C:\Users\admin\AppData\Loca...}, fedcm:accounts: true, goog:chromeOptions: {debuggerAddress: localhost:58418}, networkConnectionEnabled: false, pageLoadStrategy: normal, platformName: windows, proxy: Proxy(), se:cdp: ws://localhost:58418/devtoo..., se:cdpVersion: 126.0.6478.63, setWindowRect: true, strictFileInteractability: false, timeouts: {implicit: 0, pageLoad: 300000, script: 30000}, unhandledPromptBehavior: dismiss and notify, webauthn:extension:credBlob: true, webauthn:extension:largeBlob: true, webauthn:extension:minPinLength: true, webauthn:extension:prf: true, webauthn:virtualAuthenticators: true}
Element: [[ChromeDriver: chrome on windows (fffd88410c46f70cd45f087c772e9871)] -&amp;gt; xpath: //span[normalize-space()=&amp;apos;Pending Gold Deposits&amp;apos;]]
Session ID: fffd88410c46f70cd45f087c772e9871">
      <![CDATA[org.openqa.selenium.ElementNotInteractableException: element not interactable
  (Session info: chrome=126.0.6478.63)
Build info: version: '4.14.1', revision: '03f8ede370'
System info: os.name: 'Windows 10', os.arch: 'amd64', os.version: '10.0', java.version: '17.0.7'
Driver info: org.openqa.selenium.chrome.ChromeDriver
Command: [fffd88410c46f70cd45f087c772e9871, clickElement {id=f.E90A451E9A65AF3043E659635D774734.d.ECD10084334C8EB34776561C43482F2F.e.59}]
Capabilities {acceptInsecureCerts: false, browserName: chrome, browserVersion: 126.0.6478.63, chrome: {chromedriverVersion: 126.0.6478.63 (df799988fdc9..., userDataDir: C:\Users\admin\AppData\Loca...}, fedcm:accounts: true, goog:chromeOptions: {debuggerAddress: localhost:58418}, networkConnectionEnabled: false, pageLoadStrategy: normal, platformName: windows, proxy: Proxy(), se:cdp: ws://localhost:58418/devtoo..., se:cdpVersion: 126.0.6478.63, setWindowRect: true, strictFileInteractability: false, timeouts: {implicit: 0, pageLoad: 300000, script: 30000}, unhandledPromptBehavior: dismiss and notify, webauthn:extension:credBlob: true, webauthn:extension:largeBlob: true, webauthn:extension:minPinLength: true, webauthn:extension:prf: true, webauthn:virtualAuthenticators: true}
Element: [[ChromeDriver: chrome on windows (fffd88410c46f70cd45f087c772e9871)] -> xpath: //span[normalize-space()='Pending Gold Deposits']]
Session ID: fffd88410c46f70cd45f087c772e9871
at org.openqa.selenium.remote.codec.w3c.W3CHttpResponseCodec.createException(W3CHttpResponseCodec.java:200)
at org.openqa.selenium.remote.codec.w3c.W3CHttpResponseCodec.decode(W3CHttpResponseCodec.java:133)
at org.openqa.selenium.remote.codec.w3c.W3CHttpResponseCodec.decode(W3CHttpResponseCodec.java:52)
at org.openqa.selenium.remote.HttpCommandExecutor.execute(HttpCommandExecutor.java:191)
at org.openqa.selenium.remote.service.DriverCommandExecutor.invokeExecute(DriverCommandExecutor.java:200)
at org.openqa.selenium.remote.service.DriverCommandExecutor.execute(DriverCommandExecutor.java:175)
at org.openqa.selenium.remote.RemoteWebDriver.execute(RemoteWebDriver.java:602)
at org.openqa.selenium.remote.RemoteWebElement.execute(RemoteWebElement.java:224)
at org.openqa.selenium.remote.RemoteWebElement.click(RemoteWebElement.java:77)
at org.openqa.selenium.support.pagefactory.internal.LocatingElementHandler.invoke(LocatingElementHandler.java:51)
at jdk.proxy2/jdk.proxy2.$Proxy12.click(Unknown Source)
at com.TrusteeModule.SellerStatus_PendingGoldDeposits.sellerStatusClick(SellerStatus_PendingGoldDeposits.java:40)
at Com.TrusteeModuleTest.SellerStatus_PendingGoldDepositsPageTest.VerifyCommissionEarnedDsipaly(SellerStatus_PendingGoldDepositsPageTest.java:22)
at java.base/java.util.ArrayList.forEach(ArrayList.java:1511)
... Removed 36 stack frames]]>
    </failure>
  </testcase> <!-- VerifyCommissionEarnedDsipaly -->
  <testcase classname="Com.TrusteeModuleTest.SellerStatus_PendingGoldDepositsPageTest" name="Verifypreviousandnextbuttons" time="2.081"/>
  <testcase classname="Com.TrusteeModuleTest.SellerStatus_PendingGoldDepositsPageTest" name="AllTextDisplay" time="2.087"/>
  <testcase classname="Com.TrusteeModuleTest.SellerStatus_PendingGoldDepositsPageTest" name="NoProductDisplay" time="2.072"/>
  <testcase classname="Com.TrusteeModuleTest.SellerStatus_SellerPayoutsPageTest" name="VerifyCommissionEarnedDsipaly" time="8.246"/>
  <testcase classname="Com.TrusteeModuleTest.SellerStatus_SellerPayoutsPageTest" name="Verifypreviousandnextbuttons" time="2.065"/>
  <testcase classname="Com.TrusteeModuleTest.SellerStatus_SellerPayoutsPageTest" name="AllTextDisplay" time="2.069"/>
  <testcase classname="Com.TrusteeModuleTest.SellerStatus_SellerPayoutsPageTest" name="NoProductDisplay" time="2.075"/>
  <testcase classname="Com.TrusteeModuleTest.BuyerStatus_PendingPickupAndDepositPageTest" name="VerifyCommissionEarnedDsipaly" time="8.324"/>
  <testcase classname="Com.TrusteeModuleTest.BuyerStatus_PendingPickupAndDepositPageTest" name="Verifypreviousandnextbuttons" time="2.076"/>
  <testcase classname="Com.TrusteeModuleTest.BuyerStatus_PendingPickupAndDepositPageTest" name="AllTextDisplay" time="2.078"/>
  <testcase classname="Com.TrusteeModuleTest.BuyerStatus_PendingPickupAndDepositPageTest" name="NoProductDisplay" time="2.065"/>
  <testcase classname="Com.TrusteeModuleTest.BuyerStatus_DeliveredProductsPageTest" name="VerifyCommissionEarnedDsipaly" time="6.219">
    <failure type="org.openqa.selenium.ElementNotInteractableException" message="element not interactable
  (Session info: chrome=126.0.6478.63)
Build info: version: &amp;apos;4.14.1&amp;apos;, revision: &amp;apos;03f8ede370&amp;apos;
System info: os.name: &amp;apos;Windows 10&amp;apos;, os.arch: &amp;apos;amd64&amp;apos;, os.version: &amp;apos;10.0&amp;apos;, java.version: &amp;apos;17.0.7&amp;apos;
Driver info: org.openqa.selenium.chrome.ChromeDriver
Command: [fffd88410c46f70cd45f087c772e9871, clickElement {id=f.E90A451E9A65AF3043E659635D774734.d.ECD10084334C8EB34776561C43482F2F.e.68}]
Capabilities {acceptInsecureCerts: false, browserName: chrome, browserVersion: 126.0.6478.63, chrome: {chromedriverVersion: 126.0.6478.63 (df799988fdc9..., userDataDir: C:\Users\admin\AppData\Loca...}, fedcm:accounts: true, goog:chromeOptions: {debuggerAddress: localhost:58418}, networkConnectionEnabled: false, pageLoadStrategy: normal, platformName: windows, proxy: Proxy(), se:cdp: ws://localhost:58418/devtoo..., se:cdpVersion: 126.0.6478.63, setWindowRect: true, strictFileInteractability: false, timeouts: {implicit: 0, pageLoad: 300000, script: 30000}, unhandledPromptBehavior: dismiss and notify, webauthn:extension:credBlob: true, webauthn:extension:largeBlob: true, webauthn:extension:minPinLength: true, webauthn:extension:prf: true, webauthn:virtualAuthenticators: true}
Element: [[ChromeDriver: chrome on windows (fffd88410c46f70cd45f087c772e9871)] -&amp;gt; xpath: //span[normalize-space()=&amp;apos;Delivered Products&amp;apos;]]
Session ID: fffd88410c46f70cd45f087c772e9871">
      <![CDATA[org.openqa.selenium.ElementNotInteractableException: element not interactable
  (Session info: chrome=126.0.6478.63)
Build info: version: '4.14.1', revision: '03f8ede370'
System info: os.name: 'Windows 10', os.arch: 'amd64', os.version: '10.0', java.version: '17.0.7'
Driver info: org.openqa.selenium.chrome.ChromeDriver
Command: [fffd88410c46f70cd45f087c772e9871, clickElement {id=f.E90A451E9A65AF3043E659635D774734.d.ECD10084334C8EB34776561C43482F2F.e.68}]
Capabilities {acceptInsecureCerts: false, browserName: chrome, browserVersion: 126.0.6478.63, chrome: {chromedriverVersion: 126.0.6478.63 (df799988fdc9..., userDataDir: C:\Users\admin\AppData\Loca...}, fedcm:accounts: true, goog:chromeOptions: {debuggerAddress: localhost:58418}, networkConnectionEnabled: false, pageLoadStrategy: normal, platformName: windows, proxy: Proxy(), se:cdp: ws://localhost:58418/devtoo..., se:cdpVersion: 126.0.6478.63, setWindowRect: true, strictFileInteractability: false, timeouts: {implicit: 0, pageLoad: 300000, script: 30000}, unhandledPromptBehavior: dismiss and notify, webauthn:extension:credBlob: true, webauthn:extension:largeBlob: true, webauthn:extension:minPinLength: true, webauthn:extension:prf: true, webauthn:virtualAuthenticators: true}
Element: [[ChromeDriver: chrome on windows (fffd88410c46f70cd45f087c772e9871)] -> xpath: //span[normalize-space()='Delivered Products']]
Session ID: fffd88410c46f70cd45f087c772e9871
at org.openqa.selenium.remote.codec.w3c.W3CHttpResponseCodec.createException(W3CHttpResponseCodec.java:200)
at org.openqa.selenium.remote.codec.w3c.W3CHttpResponseCodec.decode(W3CHttpResponseCodec.java:133)
at org.openqa.selenium.remote.codec.w3c.W3CHttpResponseCodec.decode(W3CHttpResponseCodec.java:52)
at org.openqa.selenium.remote.HttpCommandExecutor.execute(HttpCommandExecutor.java:191)
at org.openqa.selenium.remote.service.DriverCommandExecutor.invokeExecute(DriverCommandExecutor.java:200)
at org.openqa.selenium.remote.service.DriverCommandExecutor.execute(DriverCommandExecutor.java:175)
at org.openqa.selenium.remote.RemoteWebDriver.execute(RemoteWebDriver.java:602)
at org.openqa.selenium.remote.RemoteWebElement.execute(RemoteWebElement.java:224)
at org.openqa.selenium.remote.RemoteWebElement.click(RemoteWebElement.java:77)
at org.openqa.selenium.support.pagefactory.internal.LocatingElementHandler.invoke(LocatingElementHandler.java:51)
at jdk.proxy2/jdk.proxy2.$Proxy12.click(Unknown Source)
at com.TrusteeModule.BuyerStatus_DeliveredProducts.BuyerStatusClick(BuyerStatus_DeliveredProducts.java:40)
at Com.TrusteeModuleTest.BuyerStatus_DeliveredProductsPageTest.VerifyCommissionEarnedDsipaly(BuyerStatus_DeliveredProductsPageTest.java:21)
at java.base/java.util.ArrayList.forEach(ArrayList.java:1511)
... Removed 35 stack frames]]>
    </failure>
  </testcase> <!-- VerifyCommissionEarnedDsipaly -->
  <testcase classname="Com.TrusteeModuleTest.BuyerStatus_DeliveredProductsPageTest" name="Verifypreviousandnextbuttons" time="2.077"/>
  <testcase classname="Com.TrusteeModuleTest.BuyerStatus_DeliveredProductsPageTest" name="AllTextDisplay" time="2.046"/>
  <testcase classname="Com.TrusteeModuleTest.BuyerStatus_DeliveredProductsPageTest" name="NoProductDisplay" time="2.064"/>
  <testcase classname="Com.TrusteeModuleTest.RaiseTicketPageTest" name="SubmitbuttonDisplay" time="2.407"/>
  <testcase classname="Com.TrusteeModuleTest.RaiseTicketPageTest" name="ReportanIssueDisplay" time="2.217"/>
  <testcase classname="Com.TrusteeModuleTest.RaiseTicketPageTest" name="TextBoxDisplay" time="2.201"/>
  <testcase classname="Com.TrusteeModuleTest.RaiseTicketPageTest" name="VerifyLessThen30CharErrormsgdisplay" time="4.308"/>
  <testcase classname="Com.TrusteeModuleTest.RaiseTicketPageTest" name="submitbuttonenabled30char" time="2.284"/>
  <testcase classname="Com.TrusteeModuleTest.TicketStatusPageTest" name="testNoDataFoundVisibility" time="4.209">
    <failure type="org.openqa.selenium.NoSuchElementException" message="no such element: Unable to locate element: {&amp;quot;method&amp;quot;:&amp;quot;xpath&amp;quot;,&amp;quot;selector&amp;quot;:&amp;quot;//p[@class=&amp;apos;no-data-found&amp;apos;]&amp;quot;}
  (Session info: chrome=126.0.6478.63)
For documentation on this error, please visit: https://www.selenium.dev/documentation/webdriver/troubleshooting/errors#no-such-element-exception
Build info: version: &amp;apos;4.14.1&amp;apos;, revision: &amp;apos;03f8ede370&amp;apos;
System info: os.name: &amp;apos;Windows 10&amp;apos;, os.arch: &amp;apos;amd64&amp;apos;, os.version: &amp;apos;10.0&amp;apos;, java.version: &amp;apos;17.0.7&amp;apos;
Driver info: org.openqa.selenium.chrome.ChromeDriver
Command: [fffd88410c46f70cd45f087c772e9871, findElement {using=xpath, value=//p[@class=&amp;apos;no-data-found&amp;apos;]}]
Capabilities {acceptInsecureCerts: false, browserName: chrome, browserVersion: 126.0.6478.63, chrome: {chromedriverVersion: 126.0.6478.63 (df799988fdc9..., userDataDir: C:\Users\admin\AppData\Loca...}, fedcm:accounts: true, goog:chromeOptions: {debuggerAddress: localhost:58418}, networkConnectionEnabled: false, pageLoadStrategy: normal, platformName: windows, proxy: Proxy(), se:cdp: ws://localhost:58418/devtoo..., se:cdpVersion: 126.0.6478.63, setWindowRect: true, strictFileInteractability: false, timeouts: {implicit: 0, pageLoad: 300000, script: 30000}, unhandledPromptBehavior: dismiss and notify, webauthn:extension:credBlob: true, webauthn:extension:largeBlob: true, webauthn:extension:minPinLength: true, webauthn:extension:prf: true, webauthn:virtualAuthenticators: true}
Session ID: fffd88410c46f70cd45f087c772e9871">
      <![CDATA[org.openqa.selenium.NoSuchElementException: no such element: Unable to locate element: {"method":"xpath","selector":"//p[@class='no-data-found']"}
  (Session info: chrome=126.0.6478.63)
For documentation on this error, please visit: https://www.selenium.dev/documentation/webdriver/troubleshooting/errors#no-such-element-exception
Build info: version: '4.14.1', revision: '03f8ede370'
System info: os.name: 'Windows 10', os.arch: 'amd64', os.version: '10.0', java.version: '17.0.7'
Driver info: org.openqa.selenium.chrome.ChromeDriver
Command: [fffd88410c46f70cd45f087c772e9871, findElement {using=xpath, value=//p[@class='no-data-found']}]
Capabilities {acceptInsecureCerts: false, browserName: chrome, browserVersion: 126.0.6478.63, chrome: {chromedriverVersion: 126.0.6478.63 (df799988fdc9..., userDataDir: C:\Users\admin\AppData\Loca...}, fedcm:accounts: true, goog:chromeOptions: {debuggerAddress: localhost:58418}, networkConnectionEnabled: false, pageLoadStrategy: normal, platformName: windows, proxy: Proxy(), se:cdp: ws://localhost:58418/devtoo..., se:cdpVersion: 126.0.6478.63, setWindowRect: true, strictFileInteractability: false, timeouts: {implicit: 0, pageLoad: 300000, script: 30000}, unhandledPromptBehavior: dismiss and notify, webauthn:extension:credBlob: true, webauthn:extension:largeBlob: true, webauthn:extension:minPinLength: true, webauthn:extension:prf: true, webauthn:virtualAuthenticators: true}
Session ID: fffd88410c46f70cd45f087c772e9871
at org.openqa.selenium.remote.codec.w3c.W3CHttpResponseCodec.createException(W3CHttpResponseCodec.java:200)
at org.openqa.selenium.remote.codec.w3c.W3CHttpResponseCodec.decode(W3CHttpResponseCodec.java:133)
at org.openqa.selenium.remote.codec.w3c.W3CHttpResponseCodec.decode(W3CHttpResponseCodec.java:52)
at org.openqa.selenium.remote.HttpCommandExecutor.execute(HttpCommandExecutor.java:191)
at org.openqa.selenium.remote.service.DriverCommandExecutor.invokeExecute(DriverCommandExecutor.java:200)
at org.openqa.selenium.remote.service.DriverCommandExecutor.execute(DriverCommandExecutor.java:175)
at org.openqa.selenium.remote.RemoteWebDriver.execute(RemoteWebDriver.java:602)
at org.openqa.selenium.remote.ElementLocation$ElementFinder$2.findElement(ElementLocation.java:165)
at org.openqa.selenium.remote.ElementLocation.findElement(ElementLocation.java:59)
at org.openqa.selenium.remote.RemoteWebDriver.findElement(RemoteWebDriver.java:359)
at org.openqa.selenium.remote.RemoteWebDriver.findElement(RemoteWebDriver.java:353)
at org.openqa.selenium.support.pagefactory.DefaultElementLocator.findElement(DefaultElementLocator.java:68)
at org.openqa.selenium.support.pagefactory.internal.LocatingElementHandler.invoke(LocatingElementHandler.java:38)
at jdk.proxy2/jdk.proxy2.$Proxy12.isDisplayed(Unknown Source)
at com.ValuerModule.TicketStatusPage.isNoDataFoundDisplayed(TicketStatusPage.java:41)
at Com.TrusteeModuleTest.TicketStatusPageTest.testNoDataFoundVisibility(TicketStatusPageTest.java:20)
at java.base/java.util.ArrayList.forEach(ArrayList.java:1511)
... Removed 32 stack frames]]>
    </failure>
  </testcase> <!-- testNoDataFoundVisibility -->
  <testcase classname="Com.TrusteeModuleTest.TicketStatusPageTest" name="testTableTextVisibility" time="2.065"/>
  <testcase classname="Com.TrusteeModuleTest.TicketStatusPageTest" name="testRaisedTicketsTextVisibility" time="2.058"/>
  <testcase classname="Com.TrusteeModuleTest.TicketStatusPageTest" name="testPreviousAndNextVisibility" time="2.054"/>
  <testcase classname="Com.TrusteeModuleTest.TicketStatusPageTest" name="testSearchButtonVisibility" time="2.072"/>
  <testcase classname="Com.TrusteeModuleTest.CommissionPageTest" name="VerifyCommissionEarnedDsipaly" time="4.209"/>
  <testcase classname="Com.TrusteeModuleTest.CommissionPageTest" name="Verifypreviousandnextbuttons" time="2.058"/>
  <testcase classname="Com.TrusteeModuleTest.CommissionPageTest" name="AllTextDisplay" time="2.072"/>
  <testcase classname="Com.TrusteeModuleTest.CommissionPageTest" name="NoProductDisplay" time="2.081"/>
  <testcase classname="Com.BaseModule.LaunchBrowserValuer_Trustee" name="@BeforeTest setup" time="0.0">
    <ignored/>
  </testcase> <!-- @BeforeTest setup -->
  <testcase classname="Com.BaseModule.LaunchBrowserValuer_Trustee" name="@BeforeTest setup" time="0.0">
    <ignored/>
  </testcase> <!-- @BeforeTest setup -->
  <testcase classname="Com.BaseModule.LaunchBrowserValuer_Trustee" name="@BeforeTest setup" time="0.0">
    <ignored/>
  </testcase> <!-- @BeforeTest setup -->
  <testcase classname="Com.BaseModule.LaunchBrowserValuer_Trustee" name="@BeforeTest setup" time="0.0">
    <ignored/>
  </testcase> <!-- @BeforeTest setup -->
  <testcase classname="Com.BaseModule.LaunchBrowserValuer_Trustee" name="@BeforeTest setup" time="0.0">
    <ignored/>
  </testcase> <!-- @BeforeTest setup -->
  <testcase classname="Com.BaseModule.LaunchBrowserValuer_Trustee" name="@BeforeTest setup" time="0.0">
    <ignored/>
  </testcase> <!-- @BeforeTest setup -->
  <testcase classname="Com.BaseModule.LaunchBrowserValuer_Trustee" name="@BeforeTest setup" time="0.0">
    <ignored/>
  </testcase> <!-- @BeforeTest setup -->
  <testcase classname="Com.BaseModule.LaunchBrowserValuer_Trustee" name="@BeforeTest setup" time="0.0">
    <ignored/>
  </testcase> <!-- @BeforeTest setup -->
</testsuite> <!-- Test -->
